<?xml version="1.0" encoding="UTF-8"?>
<robot generator="Robot 6.0.1 (Python 3.10.8 on darwin)" generated="20230629 14:04:16.790" rpa="false" schemaversion="3">
<suite id="s1" name="Putraprima" source="/Users/irfanarisaldy/Documents/Github/SEVIMA/SEVIMA/UIAutomationTest/putraprima.robot">
<test id="s1-t1" name="robotframework-testing_selenium" line="8">
<kw name="Open Browser" library="SeleniumLibrary">
<arg>https://qa.putraprima.id/</arg>
<arg>${BROWSER}</arg>
<doc>Opens a new browser instance to the optional ``url``.</doc>
<msg timestamp="20230629 14:04:16.875" level="INFO">Opening browser 'Safari' to base url 'https://qa.putraprima.id/'.</msg>
<status status="PASS" starttime="20230629 14:04:16.874" endtime="20230629 14:04:20.711"/>
</kw>
<kw name="Maximize Browser Window" library="SeleniumLibrary">
<doc>Maximizes current browser window.</doc>
<status status="PASS" starttime="20230629 14:04:20.712" endtime="20230629 14:04:20.806"/>
</kw>
<kw name="Click Element" library="SeleniumLibrary">
<arg>id=input</arg>
<doc>Click the element identified by ``locator``.</doc>
<msg timestamp="20230629 14:04:20.808" level="INFO">Clicking element 'id=input'.</msg>
<status status="PASS" starttime="20230629 14:04:20.806" endtime="20230629 14:04:20.876"/>
</kw>
<kw name="Click Element" library="SeleniumLibrary">
<arg>id=hitung</arg>
<doc>Click the element identified by ``locator``.</doc>
<msg timestamp="20230629 14:04:20.877" level="INFO">Clicking element 'id=hitung'.</msg>
<status status="PASS" starttime="20230629 14:04:20.876" endtime="20230629 14:04:20.894"/>
</kw>
<kw name="Click Element" library="SeleniumLibrary">
<arg>id=input</arg>
<doc>Click the element identified by ``locator``.</doc>
<msg timestamp="20230629 14:04:20.896" level="INFO">Clicking element 'id=input'.</msg>
<status status="PASS" starttime="20230629 14:04:20.895" endtime="20230629 14:04:20.916"/>
</kw>
<kw name="Sleep" library="BuiltIn">
<arg>5s</arg>
<doc>Pauses the test executed for the given time.</doc>
<msg timestamp="20230629 14:04:25.918" level="INFO">Slept 5 seconds</msg>
<status status="PASS" starttime="20230629 14:04:20.916" endtime="20230629 14:04:25.919"/>
</kw>
<kw name="Input Text" library="SeleniumLibrary">
<arg>id=input</arg>
<arg>A</arg>
<doc>Types the given ``text`` into the text field identified by ``locator``.</doc>
<msg timestamp="20230629 14:04:25.921" level="INFO">Typing text 'A' into text field 'id=input'.</msg>
<status status="PASS" starttime="20230629 14:04:25.919" endtime="20230629 14:04:25.967"/>
</kw>
<kw name="Click Element" library="SeleniumLibrary">
<arg>id=hitung</arg>
<doc>Click the element identified by ``locator``.</doc>
<msg timestamp="20230629 14:04:25.968" level="INFO">Clicking element 'id=hitung'.</msg>
<status status="PASS" starttime="20230629 14:04:25.967" endtime="20230629 14:04:25.991"/>
</kw>
<kw name="Click Element" library="SeleniumLibrary">
<arg>id=input</arg>
<doc>Click the element identified by ``locator``.</doc>
<msg timestamp="20230629 14:04:25.992" level="INFO">Clicking element 'id=input'.</msg>
<status status="PASS" starttime="20230629 14:04:25.992" endtime="20230629 14:04:26.016"/>
</kw>
<kw name="Sleep" library="BuiltIn">
<arg>5s</arg>
<doc>Pauses the test executed for the given time.</doc>
<msg timestamp="20230629 14:04:31.020" level="INFO">Slept 5 seconds</msg>
<status status="PASS" starttime="20230629 14:04:26.017" endtime="20230629 14:04:31.020"/>
</kw>
<kw name="Input Text" library="SeleniumLibrary">
<arg>id=input</arg>
<arg>123</arg>
<doc>Types the given ``text`` into the text field identified by ``locator``.</doc>
<msg timestamp="20230629 14:04:31.022" level="INFO">Typing text '123' into text field 'id=input'.</msg>
<status status="PASS" starttime="20230629 14:04:31.021" endtime="20230629 14:04:31.085"/>
</kw>
<kw name="Click Element" library="SeleniumLibrary">
<arg>id=hitung</arg>
<doc>Click the element identified by ``locator``.</doc>
<msg timestamp="20230629 14:04:31.085" level="INFO">Clicking element 'id=hitung'.</msg>
<status status="PASS" starttime="20230629 14:04:31.085" endtime="20230629 14:04:31.106"/>
</kw>
<kw name="Click Element" library="SeleniumLibrary">
<arg>id=input</arg>
<doc>Click the element identified by ``locator``.</doc>
<msg timestamp="20230629 14:04:31.107" level="INFO">Clicking element 'id=input'.</msg>
<status status="PASS" starttime="20230629 14:04:31.106" endtime="20230629 14:04:31.128"/>
</kw>
<kw name="Sleep" library="BuiltIn">
<arg>5s</arg>
<doc>Pauses the test executed for the given time.</doc>
<msg timestamp="20230629 14:04:36.129" level="INFO">Slept 5 seconds</msg>
<status status="PASS" starttime="20230629 14:04:31.128" endtime="20230629 14:04:36.129"/>
</kw>
<kw name="Input Text" library="SeleniumLibrary">
<arg>id=input</arg>
<arg>😊</arg>
<doc>Types the given ``text`` into the text field identified by ``locator``.</doc>
<msg timestamp="20230629 14:04:36.132" level="INFO">Typing text '😊' into text field 'id=input'.</msg>
<status status="PASS" starttime="20230629 14:04:36.130" endtime="20230629 14:04:36.293"/>
</kw>
<kw name="Click Element" library="SeleniumLibrary">
<arg>id=hitung</arg>
<doc>Click the element identified by ``locator``.</doc>
<msg timestamp="20230629 14:04:36.294" level="INFO">Clicking element 'id=hitung'.</msg>
<status status="PASS" starttime="20230629 14:04:36.293" endtime="20230629 14:04:36.312"/>
</kw>
<kw name="Sleep" library="BuiltIn">
<arg>5s</arg>
<doc>Pauses the test executed for the given time.</doc>
<msg timestamp="20230629 14:04:41.315" level="INFO">Slept 5 seconds</msg>
<status status="PASS" starttime="20230629 14:04:36.312" endtime="20230629 14:04:41.315"/>
</kw>
<kw name="Click Element" library="SeleniumLibrary">
<arg>link=Terms Of Service</arg>
<doc>Click the element identified by ``locator``.</doc>
<msg timestamp="20230629 14:04:41.317" level="INFO">Clicking element 'link=Terms Of Service'.</msg>
<status status="PASS" starttime="20230629 14:04:41.316" endtime="20230629 14:04:41.388"/>
</kw>
<kw name="Click Element" library="SeleniumLibrary">
<arg>link=Privacy Policy</arg>
<doc>Click the element identified by ``locator``.</doc>
<msg timestamp="20230629 14:04:41.389" level="INFO">Clicking element 'link=Privacy Policy'.</msg>
<status status="PASS" starttime="20230629 14:04:41.389" endtime="20230629 14:04:41.403"/>
</kw>
<kw name="Close Browser" library="SeleniumLibrary">
<doc>Closes the current browser.</doc>
<status status="PASS" starttime="20230629 14:04:41.403" endtime="20230629 14:04:41.421"/>
</kw>
<status status="PASS" starttime="20230629 14:04:16.874" endtime="20230629 14:04:41.421"/>
</test>
<status status="PASS" starttime="20230629 14:04:16.792" endtime="20230629 14:04:41.423"/>
</suite>
<statistics>
<total>
<stat pass="1" fail="0" skip="0">All Tests</stat>
</total>
<tag>
</tag>
<suite>
<stat pass="1" fail="0" skip="0" id="s1" name="Putraprima">Putraprima</stat>
</suite>
</statistics>
<errors>
</errors>
</robot>
